This is pdfTeX, Version 3.141592653-2.6-1.40.25 (MiKTeX 23.10) (preloaded format=pdflatex 2023.10.15)  17 OCT 2023 18:53
entering extended mode
 restricted \write18 enabled.
 %&-line parsing enabled.
**./document.tex
(document.tex
LaTeX2e <2023-06-01> patch level 1
L3 programming layer <2023-10-10>
(/home/adrian/.miktex/texmfs/install/tex/latex/koma-script/scrartcl.cls
Document Class: scrartcl 2023/07/07 v3.41 KOMA-Script document class (article)
(/home/adrian/.miktex/texmfs/install/tex/latex/koma-script/scrkbase.sty
Package: scrkbase 2023/07/07 v3.41 KOMA-Script package (KOMA-Script-dependent b
asics and keyval usage)

(/home/adrian/.miktex/texmfs/install/tex/latex/koma-script/scrbase.sty
Package: scrbase 2023/07/07 v3.41 KOMA-Script package (KOMA-Script-independent 
basics and keyval usage)

(/home/adrian/.miktex/texmfs/install/tex/latex/koma-script/scrlfile.sty
Package: scrlfile 2023/07/07 v3.41 KOMA-Script package (file load hooks)

(/home/adrian/.miktex/texmfs/install/tex/latex/koma-script/scrlfile-hook.sty
Package: scrlfile-hook 2023/07/07 v3.41 KOMA-Script package (using LaTeX hooks)


(/home/adrian/.miktex/texmfs/install/tex/latex/koma-script/scrlogo.sty
Package: scrlogo 2023/07/07 v3.41 KOMA-Script package (logo)
)))
(/home/adrian/.miktex/texmfs/install/tex/latex/graphics/keyval.sty
Package: keyval 2022/05/29 v1.15 key=value parser (DPC)
\KV@toks@=\toks17
)
Applying: [2021/05/01] Usage of raw or classic option list on input line 252.
Already applied: [0000/00/00] Usage of raw or classic option list on input line
 368.
))
(/home/adrian/.miktex/texmfs/install/tex/latex/koma-script/tocbasic.sty
Package: tocbasic 2023/07/07 v3.41 KOMA-Script package (handling toc-files)
\scr@dte@tocline@numberwidth=\skip48
\scr@dte@tocline@numbox=\box51
)
Package tocbasic Info: omitting babel extension for `toc'
(tocbasic)             because of feature `nobabel' available
(tocbasic)             for `toc' on input line 133.
Package scrartcl Info: You've used standard option `12pt'.
(scrartcl)             This is correct!
(scrartcl)             Internally I'm using `fontsize=12pt'.
(scrartcl)             If you'd like to set the option with \KOMAoptions,
(scrartcl)             you'd have to use `fontsize=12pt' there
(scrartcl)             instead of `12pt', too.
Class scrartcl Info: File `scrsize12pt.clo' used to setup font sizes on input l
ine 2441.

(/home/adrian/.miktex/texmfs/install/tex/latex/koma-script/scrsize12pt.clo
File: scrsize12pt.clo 2023/07/07 v3.41 KOMA-Script font size class option (12pt
)
)
(/home/adrian/.miktex/texmfs/install/tex/latex/koma-script/typearea.sty
Package: typearea 2023/07/07 v3.41 KOMA-Script package (type area)
\ta@bcor=\skip49
\ta@div=\count185
\ta@hblk=\skip50
\ta@vblk=\skip51
\ta@temp=\skip52
\footheight=\skip53
Package typearea Info: These are the values describing the layout:
(typearea)             DIV  = 12
(typearea)             BCOR = 0.0pt
(typearea)             \paperwidth      = 597.50793pt
(typearea)              \textwidth      = 448.13095pt
(typearea)              DIV departure   = -6%
(typearea)              \evensidemargin = 2.4185pt
(typearea)              \oddsidemargin  = 2.4185pt
(typearea)             \paperheight     = 845.04694pt
(typearea)              \textheight     = 635.5pt
(typearea)              \topmargin      = -41.72441pt
(typearea)              \headheight     = 18.125pt
(typearea)              \headsep        = 21.75pt
(typearea)              \topskip        = 12.0pt
(typearea)              \footskip       = 50.75pt
(typearea)              \baselineskip   = 14.5pt
(typearea)              on input line 1799.
)
\c@part=\count186
\c@section=\count187
\c@subsection=\count188
\c@subsubsection=\count189
\c@paragraph=\count190
\c@subparagraph=\count191
\scr@dte@section@maxnumwidth=\skip54
Class scrartcl Info: using compatibility default `runin=bysign'
(scrartcl)           for `\section on input line 5082.
Class scrartcl Info: using compatibility default `afterindent=bysign'
(scrartcl)           for `\section on input line 5082.
\scr@dte@part@maxnumwidth=\skip55
Class scrartcl Info: using compatibility default `afterindent=false'
(scrartcl)           for `\part on input line 5090.
\scr@dte@subsection@maxnumwidth=\skip56
Class scrartcl Info: using compatibility default `runin=bysign'
(scrartcl)           for `\subsection on input line 5100.
Class scrartcl Info: using compatibility default `afterindent=bysign'
(scrartcl)           for `\subsection on input line 5100.
\scr@dte@subsubsection@maxnumwidth=\skip57
Class scrartcl Info: using compatibility default `runin=bysign'
(scrartcl)           for `\subsubsection on input line 5110.
Class scrartcl Info: using compatibility default `afterindent=bysign'
(scrartcl)           for `\subsubsection on input line 5110.
\scr@dte@paragraph@maxnumwidth=\skip58
Class scrartcl Info: using compatibility default `runin=bysign'
(scrartcl)           for `\paragraph on input line 5121.
Class scrartcl Info: using compatibility default `afterindent=bysign'
(scrartcl)           for `\paragraph on input line 5121.
\scr@dte@subparagraph@maxnumwidth=\skip59
Class scrartcl Info: using compatibility default `runin=bysign'
(scrartcl)           for `\subparagraph on input line 5131.
Class scrartcl Info: using compatibility default `afterindent=bysign'
(scrartcl)           for `\subparagraph on input line 5131.
\abovecaptionskip=\skip60
\belowcaptionskip=\skip61
\c@pti@nb@sid@b@x=\box52
Package tocbasic Info: omitting babel extension for `lof'
(tocbasic)             because of feature `nobabel' available
(tocbasic)             for `lof' on input line 6309.
\scr@dte@figure@maxnumwidth=\skip62
\c@figure=\count192
Package tocbasic Info: omitting babel extension for `lot'
(tocbasic)             because of feature `nobabel' available
(tocbasic)             for `lot' on input line 6325.
\scr@dte@table@maxnumwidth=\skip63
\c@table=\count193
Class scrartcl Info: Redefining `\numberline' on input line 6495.
\bibindent=\dimen140
)
(/home/adrian/.miktex/texmfs/install/tex/generic/babel/babel.sty
Package: babel 2023/09/29 v3.95 The Babel package
\babel@savecnt=\count194
\U@D=\dimen141
\l@unhyphenated=\language1

(/home/adrian/.miktex/texmfs/install/tex/generic/babel/txtbabel.def)
\bbl@readstream=\read2
\bbl@dirlevel=\count195

*************************************
* Local config file bblopts.cfg used
*
(/home/adrian/.miktex/texmfs/install/tex/latex/arabi/bblopts.cfg
File: bblopts.cfg 2005/09/08 v0.1 add Arabic and Farsi to "declared" options of
 babel
)
(/home/adrian/.miktex/texmfs/install/tex/latex/babel-german/ngerman.ldf
Language: ngerman 2021/02/27 v2.13 German support for babel (post-1996 orthogra
phy)

(/home/adrian/.miktex/texmfs/install/tex/latex/babel-german/ngermanb.ldf
Language: ngermanb 2021/02/27 v2.13 German support for babel (post-1996 orthogr
aphy)


Package babel Warning: No hyphenation patterns were preloaded for
(babel)                the language 'German (new orthography)' into the format.

(babel)                Please, configure your TeX system to add them and
(babel)                rebuild the format. Now I will use the patterns
(babel)                preloaded for \language=0 instead on input line 48.

Package babel Info: Making " an active character on input line 122.
)))
(/home/adrian/.miktex/texmfs/install/tex/generic/babel/locale/de/babel-ngerman.
tex
Package babel Info: Importing font and identification data for ngerman
(babel)             from babel-de.ini. Reported on input line 11.
) (/home/adrian/.miktex/texmfs/install/tex/latex/geometry/geometry.sty
Package: geometry 2020/01/02 v5.9 Page Geometry

(/home/adrian/.miktex/texmfs/install/tex/generic/iftex/ifvtex.sty
Package: ifvtex 2019/10/25 v1.7 ifvtex legacy package. Use iftex instead.

(/home/adrian/.miktex/texmfs/install/tex/generic/iftex/iftex.sty
Package: iftex 2022/02/03 v1.0f TeX engine tests
))
\Gm@cnth=\count196
\Gm@cntv=\count197
\c@Gm@tempcnt=\count198
\Gm@bindingoffset=\dimen142
\Gm@wd@mp=\dimen143
\Gm@odd@mp=\dimen144
\Gm@even@mp=\dimen145
\Gm@layoutwidth=\dimen146
\Gm@layoutheight=\dimen147
\Gm@layouthoffset=\dimen148
\Gm@layoutvoffset=\dimen149
\Gm@dimlist=\toks18

(/home/adrian/.miktex/texmfs/install/tex/latex/geometry/geometry.cfg))
(/home/adrian/.miktex/texmfs/install/tex/latex/hyperref/nameref.sty
Package: nameref 2023-08-07 v2.53 Cross-referencing by name of section

(/home/adrian/.miktex/texmfs/install/tex/latex/refcount/refcount.sty
Package: refcount 2019/12/15 v3.6 Data extraction from label references (HO)

(/home/adrian/.miktex/texmfs/install/tex/generic/ltxcmds/ltxcmds.sty
Package: ltxcmds 2020-05-10 v1.25 LaTeX kernel commands for general use (HO)
)
(/home/adrian/.miktex/texmfs/install/tex/generic/infwarerr/infwarerr.sty
Package: infwarerr 2019/12/03 v1.5 Providing info/warning/error messages (HO)
))
(/home/adrian/.miktex/texmfs/install/tex/generic/gettitlestring/gettitlestring.
sty
Package: gettitlestring 2019/12/15 v1.6 Cleanup title references (HO)
 (/home/adrian/.miktex/texmfs/install/tex/latex/kvoptions/kvoptions.sty
Package: kvoptions 2022-06-15 v3.15 Key value format for package options (HO)

(/home/adrian/.miktex/texmfs/install/tex/latex/kvsetkeys/kvsetkeys.sty
Package: kvsetkeys 2022-10-05 v1.19 Key value parser (HO)
)))
\c@section@level=\count199
)
(/home/adrian/.miktex/texmfs/install/tex/latex/wrapfig/wrapfig.sty
\wrapoverhang=\dimen150
\WF@size=\dimen151
\c@WF@wrappedlines=\count266
\WF@box=\box53
\WF@everypar=\toks19
Package: wrapfig 2003/01/31  v 3.6
)
(/home/adrian/.miktex/texmfs/install/tex/latex/pgf/frontendlayer/tikz.sty
(/home/adrian/.miktex/texmfs/install/tex/latex/pgf/basiclayer/pgf.sty
(/home/adrian/.miktex/texmfs/install/tex/latex/pgf/utilities/pgfrcs.sty
(/home/adrian/.miktex/texmfs/install/tex/generic/pgf/utilities/pgfutil-common.t
ex
\pgfutil@everybye=\toks20
\pgfutil@tempdima=\dimen152
\pgfutil@tempdimb=\dimen153
)
(/home/adrian/.miktex/texmfs/install/tex/generic/pgf/utilities/pgfutil-latex.de
f
\pgfutil@abb=\box54
)
(/home/adrian/.miktex/texmfs/install/tex/generic/pgf/utilities/pgfrcs.code.tex
(/home/adrian/.miktex/texmfs/install/tex/generic/pgf/pgf.revision.tex)
Package: pgfrcs 2023-01-15 v3.1.10 (3.1.10)
))
Package: pgf 2023-01-15 v3.1.10 (3.1.10)

(/home/adrian/.miktex/texmfs/install/tex/latex/pgf/basiclayer/pgfcore.sty
(/home/adrian/.miktex/texmfs/install/tex/latex/graphics/graphicx.sty
Package: graphicx 2021/09/16 v1.2d Enhanced LaTeX Graphics (DPC,SPQR)

(/home/adrian/.miktex/texmfs/install/tex/latex/graphics/graphics.sty
Package: graphics 2022/03/10 v1.4e Standard LaTeX Graphics (DPC,SPQR)

(/home/adrian/.miktex/texmfs/install/tex/latex/graphics/trig.sty
Package: trig 2021/08/11 v1.11 sin cos tan (DPC)
)
(/home/adrian/.miktex/texmfs/install/tex/latex/graphics-cfg/graphics.cfg
File: graphics.cfg 2016/06/04 v1.11 sample graphics configuration
)
Package graphics Info: Driver file: pdftex.def on input line 107.

(/home/adrian/.miktex/texmfs/install/tex/latex/graphics-def/pdftex.def
File: pdftex.def 2022/09/22 v1.2b Graphics/color driver for pdftex
))
\Gin@req@height=\dimen154
\Gin@req@width=\dimen155
)
(/home/adrian/.miktex/texmfs/install/tex/latex/pgf/systemlayer/pgfsys.sty
(/home/adrian/.miktex/texmfs/install/tex/generic/pgf/systemlayer/pgfsys.code.te
x
Package: pgfsys 2023-01-15 v3.1.10 (3.1.10)

(/home/adrian/.miktex/texmfs/install/tex/generic/pgf/utilities/pgfkeys.code.tex
\pgfkeys@pathtoks=\toks21
\pgfkeys@temptoks=\toks22

(/home/adrian/.miktex/texmfs/install/tex/generic/pgf/utilities/pgfkeyslibraryfi
ltered.code.tex
\pgfkeys@tmptoks=\toks23
))
\pgf@x=\dimen156
\pgf@y=\dimen157
\pgf@xa=\dimen158
\pgf@ya=\dimen159
\pgf@xb=\dimen160
\pgf@yb=\dimen161
\pgf@xc=\dimen162
\pgf@yc=\dimen163
\pgf@xd=\dimen164
\pgf@yd=\dimen165
\w@pgf@writea=\write3
\r@pgf@reada=\read3
\c@pgf@counta=\count267
\c@pgf@countb=\count268
\c@pgf@countc=\count269
\c@pgf@countd=\count270
\t@pgf@toka=\toks24
\t@pgf@tokb=\toks25
\t@pgf@tokc=\toks26
\pgf@sys@id@count=\count271

(/home/adrian/.miktex/texmfs/install/tex/generic/pgf/systemlayer/pgf.cfg
File: pgf.cfg 2023-01-15 v3.1.10 (3.1.10)
)
Driver file for pgf: pgfsys-pdftex.def

(/home/adrian/.miktex/texmfs/install/tex/generic/pgf/systemlayer/pgfsys-pdftex.
def
File: pgfsys-pdftex.def 2023-01-15 v3.1.10 (3.1.10)

(/home/adrian/.miktex/texmfs/install/tex/generic/pgf/systemlayer/pgfsys-common-
pdf.def
File: pgfsys-common-pdf.def 2023-01-15 v3.1.10 (3.1.10)
)))
(/home/adrian/.miktex/texmfs/install/tex/generic/pgf/systemlayer/pgfsyssoftpath
.code.tex
File: pgfsyssoftpath.code.tex 2023-01-15 v3.1.10 (3.1.10)
\pgfsyssoftpath@smallbuffer@items=\count272
\pgfsyssoftpath@bigbuffer@items=\count273
)
(/home/adrian/.miktex/texmfs/install/tex/generic/pgf/systemlayer/pgfsysprotocol
.code.tex
File: pgfsysprotocol.code.tex 2023-01-15 v3.1.10 (3.1.10)
)) (/home/adrian/.miktex/texmfs/install/tex/latex/xcolor/xcolor.sty
Package: xcolor 2022/06/12 v2.14 LaTeX color extensions (UK)

(/home/adrian/.miktex/texmfs/install/tex/latex/graphics-cfg/color.cfg
File: color.cfg 2016/01/02 v1.6 sample color configuration
)
Package xcolor Info: Driver file: pdftex.def on input line 227.

(/home/adrian/.miktex/texmfs/install/tex/latex/graphics/mathcolor.ltx)
Package xcolor Info: Model `cmy' substituted by `cmy0' on input line 1353.
Package xcolor Info: Model `hsb' substituted by `rgb' on input line 1357.
Package xcolor Info: Model `RGB' extended on input line 1369.
Package xcolor Info: Model `HTML' substituted by `rgb' on input line 1371.
Package xcolor Info: Model `Hsb' substituted by `hsb' on input line 1372.
Package xcolor Info: Model `tHsb' substituted by `hsb' on input line 1373.
Package xcolor Info: Model `HSB' substituted by `hsb' on input line 1374.
Package xcolor Info: Model `Gray' substituted by `gray' on input line 1375.
Package xcolor Info: Model `wave' substituted by `hsb' on input line 1376.
)
(/home/adrian/.miktex/texmfs/install/tex/generic/pgf/basiclayer/pgfcore.code.te
x
Package: pgfcore 2023-01-15 v3.1.10 (3.1.10)
 (/home/adrian/.miktex/texmfs/install/tex/generic/pgf/math/pgfmath.code.tex
(/home/adrian/.miktex/texmfs/install/tex/generic/pgf/math/pgfmathutil.code.tex)

(/home/adrian/.miktex/texmfs/install/tex/generic/pgf/math/pgfmathparser.code.te
x
\pgfmath@dimen=\dimen166
\pgfmath@count=\count274
\pgfmath@box=\box55
\pgfmath@toks=\toks27
\pgfmath@stack@operand=\toks28
\pgfmath@stack@operation=\toks29
)
(/home/adrian/.miktex/texmfs/install/tex/generic/pgf/math/pgfmathfunctions.code
.tex)
(/home/adrian/.miktex/texmfs/install/tex/generic/pgf/math/pgfmathfunctions.basi
c.code.tex)
(/home/adrian/.miktex/texmfs/install/tex/generic/pgf/math/pgfmathfunctions.trig
onometric.code.tex)
(/home/adrian/.miktex/texmfs/install/tex/generic/pgf/math/pgfmathfunctions.rand
om.code.tex)
(/home/adrian/.miktex/texmfs/install/tex/generic/pgf/math/pgfmathfunctions.comp
arison.code.tex)
(/home/adrian/.miktex/texmfs/install/tex/generic/pgf/math/pgfmathfunctions.base
.code.tex)
(/home/adrian/.miktex/texmfs/install/tex/generic/pgf/math/pgfmathfunctions.roun
d.code.tex)
(/home/adrian/.miktex/texmfs/install/tex/generic/pgf/math/pgfmathfunctions.misc
.code.tex)
(/home/adrian/.miktex/texmfs/install/tex/generic/pgf/math/pgfmathfunctions.inte
gerarithmetics.code.tex)
(/home/adrian/.miktex/texmfs/install/tex/generic/pgf/math/pgfmathcalc.code.tex)

(/home/adrian/.miktex/texmfs/install/tex/generic/pgf/math/pgfmathfloat.code.tex
\c@pgfmathroundto@lastzeros=\count275
)) (/home/adrian/.miktex/texmfs/install/tex/generic/pgf/math/pgfint.code.tex)
(/home/adrian/.miktex/texmfs/install/tex/generic/pgf/basiclayer/pgfcorepoints.c
ode.tex
File: pgfcorepoints.code.tex 2023-01-15 v3.1.10 (3.1.10)
\pgf@picminx=\dimen167
\pgf@picmaxx=\dimen168
\pgf@picminy=\dimen169
\pgf@picmaxy=\dimen170
\pgf@pathminx=\dimen171
\pgf@pathmaxx=\dimen172
\pgf@pathminy=\dimen173
\pgf@pathmaxy=\dimen174
\pgf@xx=\dimen175
\pgf@xy=\dimen176
\pgf@yx=\dimen177
\pgf@yy=\dimen178
\pgf@zx=\dimen179
\pgf@zy=\dimen180
)
(/home/adrian/.miktex/texmfs/install/tex/generic/pgf/basiclayer/pgfcorepathcons
truct.code.tex
File: pgfcorepathconstruct.code.tex 2023-01-15 v3.1.10 (3.1.10)
\pgf@path@lastx=\dimen181
\pgf@path@lasty=\dimen182
)
(/home/adrian/.miktex/texmfs/install/tex/generic/pgf/basiclayer/pgfcorepathusag
e.code.tex
File: pgfcorepathusage.code.tex 2023-01-15 v3.1.10 (3.1.10)
\pgf@shorten@end@additional=\dimen183
\pgf@shorten@start@additional=\dimen184
)
(/home/adrian/.miktex/texmfs/install/tex/generic/pgf/basiclayer/pgfcorescopes.c
ode.tex
File: pgfcorescopes.code.tex 2023-01-15 v3.1.10 (3.1.10)
\pgfpic=\box56
\pgf@hbox=\box57
\pgf@layerbox@main=\box58
\pgf@picture@serial@count=\count276
)
(/home/adrian/.miktex/texmfs/install/tex/generic/pgf/basiclayer/pgfcoregraphics
tate.code.tex
File: pgfcoregraphicstate.code.tex 2023-01-15 v3.1.10 (3.1.10)
\pgflinewidth=\dimen185
)
(/home/adrian/.miktex/texmfs/install/tex/generic/pgf/basiclayer/pgfcoretransfor
mations.code.tex
File: pgfcoretransformations.code.tex 2023-01-15 v3.1.10 (3.1.10)
\pgf@pt@x=\dimen186
\pgf@pt@y=\dimen187
\pgf@pt@temp=\dimen188
)
(/home/adrian/.miktex/texmfs/install/tex/generic/pgf/basiclayer/pgfcorequick.co
de.tex
File: pgfcorequick.code.tex 2023-01-15 v3.1.10 (3.1.10)
)
(/home/adrian/.miktex/texmfs/install/tex/generic/pgf/basiclayer/pgfcoreobjects.
code.tex
File: pgfcoreobjects.code.tex 2023-01-15 v3.1.10 (3.1.10)
)
(/home/adrian/.miktex/texmfs/install/tex/generic/pgf/basiclayer/pgfcorepathproc
essing.code.tex
File: pgfcorepathprocessing.code.tex 2023-01-15 v3.1.10 (3.1.10)
)
(/home/adrian/.miktex/texmfs/install/tex/generic/pgf/basiclayer/pgfcorearrows.c
ode.tex
File: pgfcorearrows.code.tex 2023-01-15 v3.1.10 (3.1.10)
\pgfarrowsep=\dimen189
)
(/home/adrian/.miktex/texmfs/install/tex/generic/pgf/basiclayer/pgfcoreshade.co
de.tex
File: pgfcoreshade.code.tex 2023-01-15 v3.1.10 (3.1.10)
\pgf@max=\dimen190
\pgf@sys@shading@range@num=\count277
\pgf@shadingcount=\count278
)
(/home/adrian/.miktex/texmfs/install/tex/generic/pgf/basiclayer/pgfcoreimage.co
de.tex
File: pgfcoreimage.code.tex 2023-01-15 v3.1.10 (3.1.10)
)
(/home/adrian/.miktex/texmfs/install/tex/generic/pgf/basiclayer/pgfcoreexternal
.code.tex
File: pgfcoreexternal.code.tex 2023-01-15 v3.1.10 (3.1.10)
\pgfexternal@startupbox=\box59
)
(/home/adrian/.miktex/texmfs/install/tex/generic/pgf/basiclayer/pgfcorelayers.c
ode.tex
File: pgfcorelayers.code.tex 2023-01-15 v3.1.10 (3.1.10)
)
(/home/adrian/.miktex/texmfs/install/tex/generic/pgf/basiclayer/pgfcoretranspar
ency.code.tex
File: pgfcoretransparency.code.tex 2023-01-15 v3.1.10 (3.1.10)
)
(/home/adrian/.miktex/texmfs/install/tex/generic/pgf/basiclayer/pgfcorepatterns
.code.tex
File: pgfcorepatterns.code.tex 2023-01-15 v3.1.10 (3.1.10)
)
(/home/adrian/.miktex/texmfs/install/tex/generic/pgf/basiclayer/pgfcorerdf.code
.tex
File: pgfcorerdf.code.tex 2023-01-15 v3.1.10 (3.1.10)
)))
(/home/adrian/.miktex/texmfs/install/tex/generic/pgf/modules/pgfmoduleshapes.co
de.tex
File: pgfmoduleshapes.code.tex 2023-01-15 v3.1.10 (3.1.10)
\pgfnodeparttextbox=\box60
)
(/home/adrian/.miktex/texmfs/install/tex/generic/pgf/modules/pgfmoduleplot.code
.tex
File: pgfmoduleplot.code.tex 2023-01-15 v3.1.10 (3.1.10)
)
(/home/adrian/.miktex/texmfs/install/tex/latex/pgf/compatibility/pgfcomp-versio
n-0-65.sty
Package: pgfcomp-version-0-65 2023-01-15 v3.1.10 (3.1.10)
\pgf@nodesepstart=\dimen191
\pgf@nodesepend=\dimen192
)
(/home/adrian/.miktex/texmfs/install/tex/latex/pgf/compatibility/pgfcomp-versio
n-1-18.sty
Package: pgfcomp-version-1-18 2023-01-15 v3.1.10 (3.1.10)
))
(/home/adrian/.miktex/texmfs/install/tex/latex/pgf/utilities/pgffor.sty
(/home/adrian/.miktex/texmfs/install/tex/latex/pgf/utilities/pgfkeys.sty
(/home/adrian/.miktex/texmfs/install/tex/generic/pgf/utilities/pgfkeys.code.tex
)) (/home/adrian/.miktex/texmfs/install/tex/latex/pgf/math/pgfmath.sty
(/home/adrian/.miktex/texmfs/install/tex/generic/pgf/math/pgfmath.code.tex))
(/home/adrian/.miktex/texmfs/install/tex/generic/pgf/utilities/pgffor.code.tex
Package: pgffor 2023-01-15 v3.1.10 (3.1.10)
\pgffor@iter=\dimen193
\pgffor@skip=\dimen194
\pgffor@stack=\toks30
\pgffor@toks=\toks31
))
(/home/adrian/.miktex/texmfs/install/tex/generic/pgf/frontendlayer/tikz/tikz.co
de.tex
Package: tikz 2023-01-15 v3.1.10 (3.1.10)

(/home/adrian/.miktex/texmfs/install/tex/generic/pgf/libraries/pgflibraryplotha
ndlers.code.tex
File: pgflibraryplothandlers.code.tex 2023-01-15 v3.1.10 (3.1.10)
\pgf@plot@mark@count=\count279
\pgfplotmarksize=\dimen195
)
\tikz@lastx=\dimen196
\tikz@lasty=\dimen197
\tikz@lastxsaved=\dimen198
\tikz@lastysaved=\dimen199
\tikz@lastmovetox=\dimen256
\tikz@lastmovetoy=\dimen257
\tikzleveldistance=\dimen258
\tikzsiblingdistance=\dimen259
\tikz@figbox=\box61
\tikz@figbox@bg=\box62
\tikz@tempbox=\box63
\tikz@tempbox@bg=\box64
\tikztreelevel=\count280
\tikznumberofchildren=\count281
\tikznumberofcurrentchild=\count282
\tikz@fig@count=\count283

(/home/adrian/.miktex/texmfs/install/tex/generic/pgf/modules/pgfmodulematrix.co
de.tex
File: pgfmodulematrix.code.tex 2023-01-15 v3.1.10 (3.1.10)
\pgfmatrixcurrentrow=\count284
\pgfmatrixcurrentcolumn=\count285
\pgf@matrix@numberofcolumns=\count286
)
\tikz@expandcount=\count287

(/home/adrian/.miktex/texmfs/install/tex/generic/pgf/frontendlayer/tikz/librari
es/tikzlibrarytopaths.code.tex
File: tikzlibrarytopaths.code.tex 2023-01-15 v3.1.10 (3.1.10)
)))
(/home/adrian/.miktex/texmfs/install/tex/latex/circuitikz/circuitikz.sty
Package: circuitikz 2023/10/10{} The CircuiTikz circuit drawing package version
 1.6.4

(/home/adrian/.miktex/texmfs/install/tex/generic/pgf/frontendlayer/tikz/librari
es/tikzlibrarycalc.code.tex
File: tikzlibrarycalc.code.tex 2023-01-15 v3.1.10 (3.1.10)
)
(/home/adrian/.miktex/texmfs/install/tex/generic/pgf/libraries/pgflibraryarrows
.meta.code.tex
File: pgflibraryarrows.meta.code.tex 2023-01-15 v3.1.10 (3.1.10)
\pgfarrowinset=\dimen260
\pgfarrowlength=\dimen261
\pgfarrowwidth=\dimen262
\pgfarrowlinewidth=\dimen263
)
(/home/adrian/.miktex/texmfs/install/tex/generic/pgf/frontendlayer/tikz/librari
es/tikzlibrarybending.code.tex
File: tikzlibrarybending.code.tex 2023-01-15 v3.1.10 (3.1.10)

(/home/adrian/.miktex/texmfs/install/tex/generic/pgf/modules/pgfmodulebending.c
ode.tex
File: pgfmodulebending.code.tex 2023-01-15 v3.1.10 (3.1.10)

(/home/adrian/.miktex/texmfs/install/tex/generic/pgf/modules/pgfmodulenonlinear
transformations.code.tex
File: pgfmodulenonlineartransformations.code.tex 2023-01-15 v3.1.10 (3.1.10)
\pgftransformnonlinearflatness=\dimen264
)
(/home/adrian/.miktex/texmfs/install/tex/generic/pgf/libraries/pgflibrarycurvil
inear.code.tex
File: pgflibrarycurvilinear.code.tex 2023-01-15 v3.1.10 (3.1.10)
\pgf@curvilinear@time@a=\dimen265
\pgf@curvilinear@length@a=\dimen266
\pgf@curvilinear@length@b=\dimen267
\pgf@curvilinear@length@c=\dimen268
\pgf@curvilinear@length@d=\dimen269
)
\pgf@arrows@the@rigidity=\dimen270
))
(/home/adrian/.miktex/texmfs/install/tex/generic/pgf/frontendlayer/tikz/librari
es/tikzlibraryfpu.code.tex
(/home/adrian/.miktex/texmfs/install/tex/generic/pgf/libraries/pgflibraryfpu.co
de.tex))
(/home/adrian/.miktex/texmfs/install/tex/generic/circuitikz/pgfcirc.defines.tex
\pgf@circ@count@a=\count288
\pgf@circ@count@b=\count289
\pgf@circ@count@c=\count290
\pgf@circ@res@up=\dimen271
\pgf@circ@res@down=\dimen272
\pgf@circ@res@zero=\dimen273
\pgf@circ@res@left=\dimen274
\pgf@circ@res@right=\dimen275
\pgf@circ@res@other=\dimen276
\pgf@circ@res@step=\dimen277
\pgf@circ@res@temp=\dimen278
\pgf@circ@Rlen=\dimen279
\pgf@circ@scaled@Rlen=\dimen280
\pgfstartlinewidth=\dimen281
) (/home/adrian/.miktex/texmfs/install/tex/generic/circuitikz/pgfcircutils.tex
\ctikz@scratchbox=\box65
) (/home/adrian/.miktex/texmfs/install/tex/generic/circuitikz/pgfcircpath.tex)
(/home/adrian/.miktex/texmfs/install/tex/generic/circuitikz/pgfcircshapes.tex)
(/home/adrian/.miktex/texmfs/install/tex/generic/circuitikz/pgfcircmonopoles.te
x)
(/home/adrian/.miktex/texmfs/install/tex/generic/circuitikz/pgfcircbipoles.tex)

(/home/adrian/.miktex/texmfs/install/tex/generic/circuitikz/pgfcirctripoles.tex
\pgf@circ@res@count=\count291
)
(/home/adrian/.miktex/texmfs/install/tex/generic/circuitikz/pgfcircquadpoles.te
x)
(/home/adrian/.miktex/texmfs/install/tex/generic/circuitikz/pgfcircmultipoles.t
ex)
(/home/adrian/.miktex/texmfs/install/tex/generic/circuitikz/pgfcirclabel.tex)
(/home/adrian/.miktex/texmfs/install/tex/generic/circuitikz/pgfcircvoltage.tex
\pgfcirc@labelshift=\dimen282
) (/home/adrian/.miktex/texmfs/install/tex/generic/circuitikz/pgfcirccurrent.te
x) (/home/adrian/.miktex/texmfs/install/tex/generic/circuitikz/pgfcircflow.tex)
) (/home/adrian/.miktex/texmfs/install/tex/latex/siunitx/siunitx.sty
Package: siunitx 2023-10-07 v3.3.7 A comprehensive (SI) units package
\l__siunitx_number_uncert_offset_int=\count292
\l__siunitx_number_exponent_fixed_int=\count293
\l__siunitx_number_min_decimal_int=\count294
\l__siunitx_number_min_integer_int=\count295
\l__siunitx_number_round_precision_int=\count296
\l__siunitx_number_lower_threshold_int=\count297
\l__siunitx_number_upper_threshold_int=\count298
\l__siunitx_number_group_first_int=\count299
\l__siunitx_number_group_size_int=\count300
\l__siunitx_number_group_minimum_int=\count301
\l__siunitx_angle_tmp_dim=\dimen283
\l__siunitx_angle_marker_box=\box66
\l__siunitx_angle_unit_box=\box67
\l__siunitx_compound_count_int=\count302

(/home/adrian/.miktex/texmfs/install/tex/latex/translations/translations.sty
Package: translations 2022/02/05 v1.12 internationalization of LaTeX2e packages
 (CN)

(/home/adrian/.miktex/texmfs/install/tex/latex/etoolbox/etoolbox.sty
Package: etoolbox 2020/10/05 v2.5k e-TeX tools for LaTeX (JAW)
\etb@tempcnta=\count303
)
(/home/adrian/.miktex/texmfs/install/tex/generic/pdftexcmds/pdftexcmds.sty
Package: pdftexcmds 2020-06-27 v0.33 Utility functions of pdfTeX for LuaTeX (HO
)
Package pdftexcmds Info: \pdf@primitive is available.
Package pdftexcmds Info: \pdf@ifprimitive is available.
Package pdftexcmds Info: \pdfdraftmode found.
))
(/home/adrian/.miktex/texmfs/install/tex/latex/amsmath/amstext.sty
Package: amstext 2021/08/26 v2.01 AMS text

(/home/adrian/.miktex/texmfs/install/tex/latex/amsmath/amsgen.sty
File: amsgen.sty 1999/11/30 v2.0 generic functions
\@emptytoks=\toks32
\ex@=\dimen284
))
\l__siunitx_table_tmp_box=\box68
\l__siunitx_table_tmp_dim=\dimen285
\l__siunitx_table_column_width_dim=\dimen286
\l__siunitx_table_integer_box=\box69
\l__siunitx_table_decimal_box=\box70
\l__siunitx_table_uncert_box=\box71
\l__siunitx_table_before_box=\box72
\l__siunitx_table_after_box=\box73
\l__siunitx_table_before_dim=\dimen287
\l__siunitx_table_carry_dim=\dimen288
\l__siunitx_unit_tmp_int=\count304
\l__siunitx_unit_position_int=\count305
\l__siunitx_unit_total_int=\count306

(/home/adrian/.miktex/texmfs/install/tex/latex/tools/array.sty
Package: array 2022/09/04 v2.5g Tabular extension package (FMi)
\col@sep=\dimen289
\ar@mcellbox=\box74
\extrarowheight=\dimen290
\NC@list=\toks33
\extratabsurround=\skip64
\backup@length=\skip65
\ar@cellbox=\box75
))
(/home/adrian/.miktex/texmfs/install/tex/latex/l3backend/l3backend-pdftex.def
File: l3backend-pdftex.def 2023-10-10 L3 backend support: PDF output (pdfTeX)
\l__color_backend_stack_int=\count307
\l__pdf_internal_box=\box76
)
(document.aux)
\openout1 = `document.aux'.

LaTeX Font Info:    Checking defaults for OML/cmm/m/it on input line 45.
LaTeX Font Info:    ... okay on input line 45.
LaTeX Font Info:    Checking defaults for OMS/cmsy/m/n on input line 45.
LaTeX Font Info:    ... okay on input line 45.
LaTeX Font Info:    Checking defaults for OT1/cmr/m/n on input line 45.
LaTeX Font Info:    ... okay on input line 45.
LaTeX Font Info:    Checking defaults for T1/cmr/m/n on input line 45.
LaTeX Font Info:    ... okay on input line 45.
LaTeX Font Info:    Checking defaults for TS1/cmr/m/n on input line 45.
LaTeX Font Info:    ... okay on input line 45.
LaTeX Font Info:    Checking defaults for OMX/cmex/m/n on input line 45.
LaTeX Font Info:    ... okay on input line 45.
LaTeX Font Info:    Checking defaults for U/cmr/m/n on input line 45.
LaTeX Font Info:    ... okay on input line 45.
Package scrbase Info: activating ngerman \abstractname on input line 45.
Package scrbase Info: activating ngerman \partname on input line 45.
Package scrbase Info: activating ngerman \figurename on input line 45.
Package scrbase Info: activating ngerman \tablename on input line 45.
Package scrbase Info: activating ngerman \contentsname on input line 45.
Package scrbase Info: activating ngerman \listfigurename on input line 45.
Package scrbase Info: activating ngerman \listtablename on input line 45.
Package scrbase Info: activating ngerman \refname on input line 45.
Package scrbase Info: activating ngerman \indexname on input line 45.

*geometry* driver: auto-detecting
*geometry* detected driver: pdftex
*geometry* verbose mode - [ preamble ] result:
* driver: pdftex
* paper: a4paper
* layout: <same size as paper>
* layoutoffset:(h,v)=(0.0pt,0.0pt)
* modes: 
* h-part:(L,W,R)=(56.9055pt, 483.69687pt, 56.9055pt)
* v-part:(T,H,B)=(56.9055pt, 731.23584pt, 56.9055pt)
* \paperwidth=597.50787pt
* \paperheight=845.04684pt
* \textwidth=483.69687pt
* \textheight=731.23584pt
* \oddsidemargin=-15.36449pt
* \evensidemargin=-15.36449pt
* \topmargin=-55.23949pt
* \headheight=18.125pt
* \headsep=21.75pt
* \topskip=12.0pt
* \footskip=14.22636pt
* \marginparwidth=49.79233pt
* \marginparsep=12.8401pt
* \columnsep=10.0pt
* \skip\footins=10.8pt plus 4.0pt minus 2.0pt
* \hoffset=0.0pt
* \voffset=0.0pt
* \mag=1000
* \@twocolumnfalse
* \@twosidefalse
* \@mparswitchfalse
* \@reversemarginfalse
* (1in=72.27pt=25.4mm, 1cm=28.453pt)

(/home/adrian/.miktex/texmfs/install/tex/context/base/mkii/supp-pdf.mkii
[Loading MPS to PDF converter (version 2006.09.02).]
\scratchcounter=\count308
\scratchdimen=\dimen291
\scratchbox=\box77
\nofMPsegments=\count309
\nofMParguments=\count310
\everyMPshowfont=\toks34
\MPscratchCnt=\count311
\MPscratchDim=\dimen292
\MPnumerator=\count312
\makeMPintoPDFobject=\count313
\everyMPtoPDFconversion=\toks35
) (/home/adrian/.miktex/texmfs/install/tex/latex/epstopdf-pkg/epstopdf-base.sty
Package: epstopdf-base 2020-01-24 v2.11 Base part for package epstopdf
Package epstopdf-base Info: Redefining graphics rule for `.eps' on input line 4
85.
(/home/adrian/.miktex/texmfs/install/tex/latex/00miktex/epstopdf-sys.cfg
File: epstopdf-sys.cfg 2021/03/18 v2.0 Configuration of epstopdf for MiKTeX
))
(/home/adrian/.miktex/texmfs/install/tex/latex/translations/dicts/translations-
basic-dictionary-german.trsl
File: translations-basic-dictionary-german.trsl (german translation file `trans
lations-basic-dictionary')
)
Package translations Info: loading dictionary `translations-basic-dictionary' f
or `german'. on input line 45.
LaTeX Font Info:    External font `cmex10' loaded for size
(Font)              <17.28> on input line 49.
LaTeX Font Info:    External font `cmex10' loaded for size
(Font)              <12> on input line 49.
 [1


{/home/adrian/.miktex/texmfs/data/fonts/map/pdftex/pdftex.map}] (document.toc
LaTeX Font Info:    External font `cmex10' loaded for size
(Font)              <8> on input line 4.
LaTeX Font Info:    External font `cmex10' loaded for size
(Font)              <6> on input line 4.
)
\tf@toc=\write4
\openout4 = `document.toc'.

 [2] (Einleitung.tex)
Overfull \hbox (27.79681pt too wide) in paragraph at lines 1--55
\OT1/cmr/m/n/12 f[]ur Unterrichtszwecke verwendet. Und mithilfe von []Smart-Hom
e\ Systemen lassen sich beispielsweise
 []


Underfull \hbox (badness 10000) in paragraph at lines 1--55

 []


Overfull \hbox (3.38506pt too wide) in paragraph at lines 1--55
\OT1/cmr/m/n/12 Diese Systeme beruhen alle auf digitaler Technik. Selbst kleine
 Smart-Home Ger[]ate funktionieren
 []


Underfull \hbox (badness 10000) in paragraph at lines 1--55

 []


Overfull \hbox (11.2271pt too wide) in paragraph at lines 1--55
\OT1/cmr/m/n/12 Ein m[]oglicher Schaltkreis, welcher hierbei f[]ur die Addition
 als einfache Rechenoperation verwendet
 []


Overfull \hbox (22.92923pt too wide) in paragraph at lines 1--55
\OT1/cmr/m/n/12 werden kann, ist der []Bin[]araddierer\, welcher im Folgenden t
hematisiert wird.  
 []

(Historie.tex
Overfull \hbox (0.61247pt too wide) in paragraph at lines 1--2
\OT1/cmr/m/n/12 waren jedoch von den heutigen, leistungsstarken Computern weit 
entfernt. 
 []


Underfull \hbox (badness 10000) in paragraph at lines 3--7

 []


Underfull \hbox (badness 10000) in paragraph at lines 3--7

 []


Underfull \hbox (badness 10000) in paragraph at lines 3--7

 []

[3]
Underfull \hbox (badness 10000) in paragraph at lines 8--10

 []


Overfull \hbox (0.65453pt too wide) in paragraph at lines 11--13
\OT1/cmr/m/n/12 In [[]] wird die n[]achste Maschine der Reihe thematisiert. Die
 zwischen 1942 und 1945 konstruierte
 []


Overfull \hbox (2.28412pt too wide) in paragraph at lines 11--13
\OT1/cmr/m/n/12 auch auf Kritik, da die Z4 trotz der deutlichen Verbesserungen 
immer noch sehr wartungsintensiv
 []


Underfull \hbox (badness 10000) in paragraph at lines 11--13

 []


Overfull \hbox (28.38751pt too wide) in paragraph at lines 11--13
\OT1/cmr/m/n/12 f[]ur ihre Ger[]auschkulisse, welche aufgrund der elektromechan
ischen Relais entstand. Laut Erz[]ahlungen
 []


Overfull \hbox (8.92296pt too wide) in paragraph at lines 11--13
\OT1/cmr/m/n/12 konnte man sogar mit etwas []Ubung erh[]oren, welche Art der Re
chenoperation das Ger[]at momentan
 []


Overfull \hbox (27.84767pt too wide) in paragraph at lines 11--13
\OT1/cmr/m/n/12 Z[]urich unter anderem genutzt, um beispielsweise lineare Diffe
renzialgleichungen zu l[]osen, Spannungen
 []


Overfull \hbox (1.57674pt too wide) in paragraph at lines 11--13
\OT1/cmr/m/n/12 Eine solche Berechnung durchzuf[]uhren dauerte oftmals etwa 100
 Stunden. Zuse wurde schlie^^Ylich
 []


Overfull \hbox (12.812pt too wide) in paragraph at lines 11--13
\OT1/cmr/m/n/12 am 23. November 1991 von der ETH Z[]urich die Ehrendoktorw[]urd
e verliehen. 
 []

[4])
Underfull \hbox (badness 10000) in paragraph at lines 14--58

 []


Underfull \hbox (badness 10000) in paragraph at lines 14--58

 []


Overfull \hbox (11.30916pt too wide) in paragraph at lines 14--58
\OT1/cmr/m/n/12 Bin[]arsystem rechneten, arbeitete die ERMETH mit dem uns Mensc
hen bekannten Dezimalsystem.
 []

(FunkUndReal.tex
Overfull \hbox (15.67737pt too wide) in paragraph at lines 2--8
\OT1/cmr/m/n/12 Anwendung. Hierbei werden allerdings weder Relais, noch Elektro
nenr[]ohren eingesetzt. Stattdessen
 []


Underfull \hbox (badness 10000) in paragraph at lines 2--8

 []


Overfull \hbox (9.53636pt too wide) in paragraph at lines 2--8
\OT1/cmr/m/n/12 Mathematik benutzt wird. Hierbei kann jede Stelle einer Zahl ei
nen von zehn m[]oglichen Zust[]anden
 []


Overfull \hbox (5.82106pt too wide) in paragraph at lines 2--8
\OT1/cmr/m/n/12 annehmen (0-9). Bei der Darstellung gr[]o^^Yerer Zahlen, muss a
uf zus[]atzliche Stellen zur[]uckgegriffen
 []


Underfull \hbox (badness 10000) in paragraph at lines 2--8

 []


Underfull \hbox (badness 10000) in paragraph at lines 2--8

 []


Underfull \hbox (badness 10000) in paragraph at lines 2--8

 []


Underfull \hbox (badness 10000) in paragraph at lines 2--8

 []


Overfull \hbox (6.99059pt too wide) in paragraph at lines 2--8
\OT1/cmr/m/n/12 Ein Bin[]araddierer ist aus einzelnen Logikgattern zusammengese
tzt. Diese sind kleine Schaltkreise,
 []

[5]
Underfull \hbox (badness 10000) in paragraph at lines 25--27

 []

[6]
<./Fotos/UND-00.jpg, id=33, 4047.12pt x 2276.505pt>
File: ./Fotos/UND-00.jpg Graphic file (type jpg)
<use ./Fotos/UND-00.jpg>
Package pdftex.def Info: ./Fotos/UND-00.jpg  used on input line 53.
(pdftex.def)             Requested size: 202.30609pt x 113.81102pt.
<./Fotos/UND-01.jpg, id=34, 4047.12pt x 2276.505pt>
File: ./Fotos/UND-01.jpg Graphic file (type jpg)
<use ./Fotos/UND-01.jpg>
Package pdftex.def Info: ./Fotos/UND-01.jpg  used on input line 58.
(pdftex.def)             Requested size: 202.30609pt x 113.81102pt.
<./Fotos/UND-10.jpg, id=35, 4047.12pt x 2276.505pt>
File: ./Fotos/UND-10.jpg Graphic file (type jpg)
<use ./Fotos/UND-10.jpg>
Package pdftex.def Info: ./Fotos/UND-10.jpg  used on input line 63.
(pdftex.def)             Requested size: 202.30609pt x 113.81102pt.
<./Fotos/UND-11.jpg, id=36, 4047.12pt x 2276.505pt>
File: ./Fotos/UND-11.jpg Graphic file (type jpg)
<use ./Fotos/UND-11.jpg>
Package pdftex.def Info: ./Fotos/UND-11.jpg  used on input line 67.
(pdftex.def)             Requested size: 202.30609pt x 113.81102pt.

Overfull \hbox (38.4875pt too wide) in paragraph at lines 48--71
[]\OT1/cmr/m/n/12 Die obenstehende Abbildung zeigt meinen Entwurf f[]ur das log
ische UND-Gatter. Die Eingabeanschl[]usse
 []


Underfull \hbox (badness 10000) in paragraph at lines 48--71

 []


LaTeX Warning: `!h' float specifier changed to `!ht'.

[7] [8 <./Fotos/UND-00.jpg> <./Fotos/UND-01.jpg> <./Fotos/UND-10.jpg> <./Fotos/
UND-11.jpg>]
<./Fotos/ODER-00.jpg, id=47, 4047.12pt x 2276.505pt>
File: ./Fotos/ODER-00.jpg Graphic file (type jpg)
<use ./Fotos/ODER-00.jpg>
Package pdftex.def Info: ./Fotos/ODER-00.jpg  used on input line 119.
(pdftex.def)             Requested size: 202.30609pt x 113.81102pt.
<./Fotos/ODER-01.jpg, id=48, 4047.12pt x 2276.505pt>
File: ./Fotos/ODER-01.jpg Graphic file (type jpg)
<use ./Fotos/ODER-01.jpg>
Package pdftex.def Info: ./Fotos/ODER-01.jpg  used on input line 124.
(pdftex.def)             Requested size: 202.30609pt x 113.81102pt.
<./Fotos/ODER-10.jpg, id=49, 4047.12pt x 2276.505pt>
File: ./Fotos/ODER-10.jpg Graphic file (type jpg)
<use ./Fotos/ODER-10.jpg>
Package pdftex.def Info: ./Fotos/ODER-10.jpg  used on input line 129.
(pdftex.def)             Requested size: 202.30609pt x 113.81102pt.
<./Fotos/ODER-11.jpg, id=50, 4047.12pt x 2276.505pt>
File: ./Fotos/ODER-11.jpg Graphic file (type jpg)
<use ./Fotos/ODER-11.jpg>
Package pdftex.def Info: ./Fotos/ODER-11.jpg  used on input line 133.
(pdftex.def)             Requested size: 202.30609pt x 113.81102pt.
 [9 <./Fotos/ODER-00.jpg> <./Fotos/ODER-01.jpg> <./Fotos/ODER-10.jpg> <./Fotos/
ODER-11.jpg>]
<./Fotos/NICHT-0.jpg, id=54, 4047.12pt x 2276.505pt>
File: ./Fotos/NICHT-0.jpg Graphic file (type jpg)
<use ./Fotos/NICHT-0.jpg>
Package pdftex.def Info: ./Fotos/NICHT-0.jpg  used on input line 175.
(pdftex.def)             Requested size: 202.30609pt x 113.81102pt.
<./Fotos/NICHT-1.jpg, id=55, 3771.08875pt x 2120.92375pt>
File: ./Fotos/NICHT-1.jpg Graphic file (type jpg)
<use ./Fotos/NICHT-1.jpg>
Package pdftex.def Info: ./Fotos/NICHT-1.jpg  used on input line 179.
(pdftex.def)             Requested size: 202.31804pt x 113.81102pt.
 [10 <./Fotos/NICHT-0.jpg> <./Fotos/NICHT-1.jpg>]
[11]
<./Fotos/NAND-00.jpg, id=63, 4047.12pt x 2276.505pt>
File: ./Fotos/NAND-00.jpg Graphic file (type jpg)
<use ./Fotos/NAND-00.jpg>
Package pdftex.def Info: ./Fotos/NAND-00.jpg  used on input line 255.
(pdftex.def)             Requested size: 202.30609pt x 113.81102pt.
<./Fotos/NAND-01.jpg, id=64, 4047.12pt x 2276.505pt>
File: ./Fotos/NAND-01.jpg Graphic file (type jpg)
<use ./Fotos/NAND-01.jpg>
Package pdftex.def Info: ./Fotos/NAND-01.jpg  used on input line 260.
(pdftex.def)             Requested size: 202.30609pt x 113.81102pt.
<./Fotos/NAND-10.jpg, id=65, 4047.12pt x 2276.505pt>
File: ./Fotos/NAND-10.jpg Graphic file (type jpg)
<use ./Fotos/NAND-10.jpg>
Package pdftex.def Info: ./Fotos/NAND-10.jpg  used on input line 265.
(pdftex.def)             Requested size: 202.30609pt x 113.81102pt.
<./Fotos/NAND-11.jpg, id=66, 4047.12pt x 2276.505pt>
File: ./Fotos/NAND-11.jpg Graphic file (type jpg)
<use ./Fotos/NAND-11.jpg>
Package pdftex.def Info: ./Fotos/NAND-11.jpg  used on input line 269.
(pdftex.def)             Requested size: 202.30609pt x 113.81102pt.

Overfull \hbox (40.17073pt too wide) in paragraph at lines 356--357
 [][] 
 []


Underfull \hbox (badness 10000) in paragraph at lines 290--359

 []

[12 <./Fotos/NAND-00.jpg> <./Fotos/NAND-01.jpg> <./Fotos/NAND-10.jpg> <./Fotos/
NAND-11.jpg>] [13]
Underfull \hbox (badness 1552) in paragraph at lines 382--382
[][]\OT1/cmr/m/n/12 Optimierter Schaltplan f[]ur die logische NAND-Schaltung, b
estehend aus
 []


Underfull \hbox (badness 1715) in paragraph at lines 415--415
[][]\OT1/cmr/m/n/12 Optimierter Schaltplan f[]ur die logische EXOR-Schaltung, b
estehend aus
 []


Overfull \hbox (8.60217pt too wide) in paragraph at lines 360--417
[]\OT1/cmr/m/n/12 Bei der Verkettung von UND-, ODER- und NAND-Gattern ergibt si
ch der abgebildete Schaltplan.
 []


Underfull \hbox (badness 10000) in paragraph at lines 360--417

 []


Overfull \hbox (3.0545pt too wide) in paragraph at lines 360--417
\OT1/cmr/m/n/12 sich aufgrund der Gr[]o^^Ye ebenfalls als schwierig. Nicht zule
tzt ist es aus Platz- und Kostengr[]unden
 []


Overfull \hbox (11.92654pt too wide) in paragraph at lines 360--417
\OT1/cmr/m/n/12 nicht zu w[]unschen Schaltungen unn[]otig gro^^Y zu gestalten. 
Es galt also, die Schaltung weitm[]oglichst
 []


Underfull \hbox (badness 10000) in paragraph at lines 360--417

 []


Overfull \hbox (18.39793pt too wide) in paragraph at lines 360--417
\OT1/cmr/m/n/12 einer der Eing[]ange auf LOW, ist die Verbindung zwischen Out u
nd dem Nullpotenzial unterbrochen,
 []


Underfull \hbox (badness 10000) in paragraph at lines 360--417

 []


Underfull \hbox (badness 10000) in paragraph at lines 360--417

 []

[14]) [15] (document.bbl
Underfull \hbox (badness 1442) in paragraph at lines 25--30
[]\OT1/cmr/m/n/12 H. Bruderer, ``Konrad zuse und die schweiz: Relaisrechner z4 
an der eth z[]urich:
 []

) [16] (document.aux)
 ***********
LaTeX2e <2023-06-01> patch level 1
L3 programming layer <2023-10-10>
 ***********
 ) 
Here is how much of TeX's memory you used:
 41295 strings out of 476759
 1090895 string characters out of 5802626
 1982040 words of memory out of 5000000
 62619 multiletter control sequences out of 15000+600000
 564870 words of font info for 58 fonts, out of 8000000 for 9000
 0 hyphenation exceptions out of 8191
 110i,10n,107p,10932b,1229s stack positions out of 10000i,1000n,20000p,200000b,200000s
 </home/adrian/.miktex/texmfs/data/fonts/pk/ljfour/public/cm/dpi600/cmr6.pk> 
</home/adrian/.miktex/texmfs/data/fonts/pk/ljfour/public/cm/dpi600/cmmi8.pk> </
home/adrian/.miktex/texmfs/data/fonts/pk/ljfour/jknappen/ec/dpi600/tcrm1200.pk>
 </home/adrian/.miktex/texmfs/data/fonts/pk/ljfour/public/cm/dpi600/cmr8.pk> </
home/adrian/.miktex/texmfs/data/fonts/pk/ljfour/public/cm/dpi600/cmmi12.pk> </h
ome/adrian/.miktex/texmfs/data/fonts/pk/ljfour/public/cm/dpi600/cmbx12.pk> </ho
me/adrian/.miktex/texmfs/data/fonts/pk/ljfour/public/cm/dpi720/cmsy10.pk> </hom
e/adrian/.miktex/texmfs/data/fonts/pk/ljfour/public/cm/dpi600/cmex10.pk> </home
/adrian/.miktex/texmfs/data/fonts/pk/ljfour/public/cm/dpi600/cmti12.pk> </home/
adrian/.miktex/texmfs/data/fonts/pk/ljfour/public/cm/dpi720/cmssbx10.pk> </home
/adrian/.miktex/texmfs/data/fonts/pk/ljfour/public/cm/dpi1037/cmssbx10.pk> </ho
me/adrian/.miktex/texmfs/data/fonts/pk/ljfour/public/cm/dpi600/cmr12.pk> </home
/adrian/.miktex/texmfs/data/fonts/pk/ljfour/public/cm/dpi600/cmr17.pk> </home/a
drian/.miktex/texmfs/data/fonts/pk/ljfour/public/cm/dpi864/cmssbx10.pk> </home/
adrian/.miktex/texmfs/data/fonts/pk/ljfour/public/cm/dpi1493/cmssbx10.pk>
Output written on document.pdf (16 pages, 25103159 bytes).
PDF statistics:
 435 PDF objects out of 1000 (max. 8388607)
 0 named destinations out of 1000 (max. 500000)
 83 words of extra memory for PDF output out of 10000 (max. 10000000)

